[2020-05-19T17:27:16.088] [INFO] access - ::1 - - "GET / HTTP/1.1" 200 16 "" "Mozilla/5.0 (Windows NT 6.1; Win64; x64) AppleWebKit/537.36 (KHTML, like Gecko) Chrome/81.0.4044.138 Safari/537.36"
[2020-05-19T17:27:25.717] [INFO] access - ::1 - - "GET /upload HTTP/1.1" 200 434 "" "Mozilla/5.0 (Windows NT 6.1; Win64; x64) AppleWebKit/537.36 (KHTML, like Gecko) Chrome/81.0.4044.138 Safari/537.36"
[2020-05-19T17:27:28.538] [INFO] access - ::1 - - "POST /api/upload HTTP/1.1" 302 33 "http://localhost:3000/upload" "Mozilla/5.0 (Windows NT 6.1; Win64; x64) AppleWebKit/537.36 (KHTML, like Gecko) Chrome/81.0.4044.138 Safari/537.36"
[2020-05-19T17:27:28.556] [INFO] access - ::1 - - "GET / HTTP/1.1" 200 16 "http://localhost:3000/upload" "Mozilla/5.0 (Windows NT 6.1; Win64; x64) AppleWebKit/537.36 (KHTML, like Gecko) Chrome/81.0.4044.138 Safari/537.36"
[2020-05-19T17:28:39.941] [INFO] access - ::1 - - "GET / HTTP/1.1" 200 16 "http://localhost:3000/upload" "Mozilla/5.0 (Windows NT 6.1; Win64; x64) AppleWebKit/537.36 (KHTML, like Gecko) Chrome/81.0.4044.138 Safari/537.36"
[2020-05-19T17:28:42.229] [INFO] access - ::1 - - "GET /upload HTTP/1.1" 200 434 "" "Mozilla/5.0 (Windows NT 6.1; Win64; x64) AppleWebKit/537.36 (KHTML, like Gecko) Chrome/81.0.4044.138 Safari/537.36"
[2020-05-19T17:29:24.166] [INFO] access - ::1 - - "GET / HTTP/1.1" 200 16 "" "Mozilla/5.0 (Windows NT 6.1; Win64; x64) AppleWebKit/537.36 (KHTML, like Gecko) Chrome/81.0.4044.138 Safari/537.36"
[2020-05-19T17:29:24.751] [INFO] access - ::1 - - "GET /upload HTTP/1.1" 200 434 "" "Mozilla/5.0 (Windows NT 6.1; Win64; x64) AppleWebKit/537.36 (KHTML, like Gecko) Chrome/81.0.4044.138 Safari/537.36"
[2020-05-19T17:29:27.662] [INFO] access - ::1 - - "POST /api/upload HTTP/1.1" 404 - "http://localhost:3000/upload" "Mozilla/5.0 (Windows NT 6.1; Win64; x64) AppleWebKit/537.36 (KHTML, like Gecko) Chrome/81.0.4044.138 Safari/537.36"
[2020-05-19T17:30:41.056] [INFO] access - ::1 - - "GET /upload HTTP/1.1" 200 434 "" "Mozilla/5.0 (Windows NT 6.1; Win64; x64) AppleWebKit/537.36 (KHTML, like Gecko) Chrome/81.0.4044.138 Safari/537.36"
[2020-05-19T17:30:43.814] [INFO] access - ::1 - - "POST /api/upload HTTP/1.1" 404 - "http://localhost:3000/upload" "Mozilla/5.0 (Windows NT 6.1; Win64; x64) AppleWebKit/537.36 (KHTML, like Gecko) Chrome/81.0.4044.138 Safari/537.36"
[2020-05-19T17:31:17.719] [INFO] access - ::1 - - "GET /upload HTTP/1.1" 200 434 "" "Mozilla/5.0 (Windows NT 6.1; Win64; x64) AppleWebKit/537.36 (KHTML, like Gecko) Chrome/81.0.4044.138 Safari/537.36"
[2020-05-19T17:31:19.236] [INFO] access - ::1 - - "POST /api/upload HTTP/1.1" 404 - "http://localhost:3000/upload" "Mozilla/5.0 (Windows NT 6.1; Win64; x64) AppleWebKit/537.36 (KHTML, like Gecko) Chrome/81.0.4044.138 Safari/537.36"
[2020-05-19T17:31:41.622] [INFO] access - ::1 - - "GET /upload HTTP/1.1" 200 434 "" "Mozilla/5.0 (Windows NT 6.1; Win64; x64) AppleWebKit/537.36 (KHTML, like Gecko) Chrome/81.0.4044.138 Safari/537.36"
[2020-05-19T17:31:43.131] [INFO] access - ::1 - - "POST /api/upload HTTP/1.1" 404 - "http://localhost:3000/upload" "Mozilla/5.0 (Windows NT 6.1; Win64; x64) AppleWebKit/537.36 (KHTML, like Gecko) Chrome/81.0.4044.138 Safari/537.36"
[2020-05-19T17:31:55.883] [INFO] access - ::1 - - "GET /upload HTTP/1.1" 200 434 "" "Mozilla/5.0 (Windows NT 6.1; Win64; x64) AppleWebKit/537.36 (KHTML, like Gecko) Chrome/81.0.4044.138 Safari/537.36"
[2020-05-19T17:31:57.940] [INFO] access - ::1 - - "POST /api/upload HTTP/1.1" 404 - "http://localhost:3000/upload" "Mozilla/5.0 (Windows NT 6.1; Win64; x64) AppleWebKit/537.36 (KHTML, like Gecko) Chrome/81.0.4044.138 Safari/537.36"
[2020-05-19T17:32:48.594] [INFO] access - ::1 - - "POST /api/upload HTTP/1.1" 404 - "http://localhost:3000/upload" "Mozilla/5.0 (Windows NT 6.1; Win64; x64) AppleWebKit/537.36 (KHTML, like Gecko) Chrome/81.0.4044.138 Safari/537.36"
[2020-05-19T17:32:50.924] [INFO] access - ::1 - - "GET / HTTP/1.1" 200 16 "" "Mozilla/5.0 (Windows NT 6.1; Win64; x64) AppleWebKit/537.36 (KHTML, like Gecko) Chrome/81.0.4044.138 Safari/537.36"
[2020-05-19T17:32:58.858] [INFO] access - ::1 - - "GET /upload HTTP/1.1" 200 434 "" "Mozilla/5.0 (Windows NT 6.1; Win64; x64) AppleWebKit/537.36 (KHTML, like Gecko) Chrome/81.0.4044.138 Safari/537.36"
[2020-05-19T17:33:01.476] [INFO] access - ::1 - - "POST /api/upload HTTP/1.1" 404 - "http://localhost:3000/upload" "Mozilla/5.0 (Windows NT 6.1; Win64; x64) AppleWebKit/537.36 (KHTML, like Gecko) Chrome/81.0.4044.138 Safari/537.36"
[2020-05-19T17:39:49.639] [INFO] access - ::1 - - "GET /upload HTTP/1.1" 200 434 "" "Mozilla/5.0 (Windows NT 6.1; Win64; x64) AppleWebKit/537.36 (KHTML, like Gecko) Chrome/81.0.4044.138 Safari/537.36"
[2020-05-19T17:39:51.582] [INFO] access - ::1 - - "GET /upload HTTP/1.1" 200 434 "" "Mozilla/5.0 (Windows NT 6.1; Win64; x64) AppleWebKit/537.36 (KHTML, like Gecko) Chrome/81.0.4044.138 Safari/537.36"
[2020-05-19T17:39:53.712] [INFO] access - ::1 - - "POST /api/upload HTTP/1.1" 302 33 "http://localhost:3000/upload" "Mozilla/5.0 (Windows NT 6.1; Win64; x64) AppleWebKit/537.36 (KHTML, like Gecko) Chrome/81.0.4044.138 Safari/537.36"
[2020-05-19T17:39:53.715] [INFO] access - ::1 - - "GET / HTTP/1.1" 200 16 "http://localhost:3000/upload" "Mozilla/5.0 (Windows NT 6.1; Win64; x64) AppleWebKit/537.36 (KHTML, like Gecko) Chrome/81.0.4044.138 Safari/537.36"
[2020-05-19T17:41:39.167] [INFO] access - ::1 - - "GET /upload HTTP/1.1" 200 434 "" "Mozilla/5.0 (Windows NT 6.1; Win64; x64) AppleWebKit/537.36 (KHTML, like Gecko) Chrome/81.0.4044.138 Safari/537.36"
[2020-05-19T17:48:03.112] [INFO] access - ::1 - - "GET / HTTP/1.1" 200 16 "" "Mozilla/5.0 (Windows NT 6.1; Win64; x64) AppleWebKit/537.36 (KHTML, like Gecko) Chrome/81.0.4044.138 Safari/537.36"
